<?xml version="1.0" encoding="UTF-8"?>
<testng-results ignored="0" total="3" passed="2" failed="1" skipped="0">
  <reporter-output>
  </reporter-output>
  <suite started-at="2022-10-05T17:22:37 EDT" name="testDotDash" finished-at="2022-10-05T17:22:59 EDT" duration-ms="22130">
    <groups>
    </groups>
    <test started-at="2022-10-05T17:22:37 EDT" name="Test" finished-at="2022-10-05T17:22:59 EDT" duration-ms="22130">
      <class name="com.testDotDash.TestCases.TC_CheckBoxes_3">
        <test-method is-config="true" signature="setup()[pri:0, instance:com.testDotDash.TestCases.TC_CheckBoxes_3@5b239d7d]" started-at="2022-10-05T17:22:37 EDT" name="setup" finished-at="2022-10-05T17:22:39 EDT" duration-ms="2019" status="PASS">
          <reporter-output>
          </reporter-output>
        </test-method> <!-- setup -->
        <test-method signature="CheckBoxesValidation()[pri:0, instance:com.testDotDash.TestCases.TC_CheckBoxes_3@5b239d7d]" started-at="2022-10-05T17:22:50 EDT" name="CheckBoxesValidation" finished-at="2022-10-05T17:22:59 EDT" duration-ms="8489" status="PASS">
          <reporter-output>
          </reporter-output>
        </test-method> <!-- CheckBoxesValidation -->
        <test-method is-config="true" signature="tearDown()[pri:0, instance:com.testDotDash.TestCases.TC_CheckBoxes_3@5b239d7d]" started-at="2022-10-05T17:22:59 EDT" name="tearDown" finished-at="2022-10-05T17:22:59 EDT" duration-ms="123" status="PASS">
          <reporter-output>
          </reporter-output>
        </test-method> <!-- tearDown -->
      </class> <!-- com.testDotDash.TestCases.TC_CheckBoxes_3 -->
      <class name="com.testDotDash.TestCases.TC_LoginTest_1">
        <test-method is-config="true" signature="setup()[pri:0, instance:com.testDotDash.TestCases.TC_LoginTest_1@4cc451f2]" started-at="2022-10-05T17:22:39 EDT" name="setup" finished-at="2022-10-05T17:22:39 EDT" duration-ms="759" status="PASS">
          <reporter-output>
          </reporter-output>
        </test-method> <!-- setup -->
        <test-method signature="logintest()[pri:0, instance:com.testDotDash.TestCases.TC_LoginTest_1@4cc451f2]" started-at="2022-10-05T17:22:39 EDT" name="logintest" finished-at="2022-10-05T17:22:44 EDT" duration-ms="4929" status="PASS">
          <reporter-output>
          </reporter-output>
        </test-method> <!-- logintest -->
        <test-method is-config="true" signature="tearDown()[pri:0, instance:com.testDotDash.TestCases.TC_LoginTest_1@4cc451f2]" started-at="2022-10-05T17:22:44 EDT" name="tearDown" finished-at="2022-10-05T17:22:45 EDT" duration-ms="190" status="PASS">
          <reporter-output>
          </reporter-output>
        </test-method> <!-- tearDown -->
      </class> <!-- com.testDotDash.TestCases.TC_LoginTest_1 -->
      <class name="com.testDotDash.TestCases.TC_InvalidLoginTest_2">
        <test-method is-config="true" signature="setup()[pri:0, instance:com.testDotDash.TestCases.TC_InvalidLoginTest_2@7ec7ffd3]" started-at="2022-10-05T17:22:45 EDT" name="setup" finished-at="2022-10-05T17:22:45 EDT" duration-ms="817" status="PASS">
          <reporter-output>
          </reporter-output>
        </test-method> <!-- setup -->
        <test-method signature="invalidlogintest()[pri:0, instance:com.testDotDash.TestCases.TC_InvalidLoginTest_2@7ec7ffd3]" started-at="2022-10-05T17:22:45 EDT" name="invalidlogintest" finished-at="2022-10-05T17:22:50 EDT" duration-ms="4599" status="FAIL">
          <exception class="org.openqa.selenium.NoSuchElementException">
            <message>
              <![CDATA[no such element: Unable to locate element: {"method":"xpath","selector":"//*[@id="content"]/div/a"}
  (Session info: chrome=106.0.5249.91)
For documentation on this error, please visit: https://selenium.dev/exceptions/#no_such_element
Build info: version: '4.1.2', revision: '9a5a329c5a'
System info: host: 'HARDIK', ip: '172.31.5.115', os.name: 'Windows 11', os.arch: 'amd64', os.version: '10.0', java.version: '17.0.2'
Driver info: org.openqa.selenium.chrome.ChromeDriver
Command: [4f144b750410885a78099650c244c636, findElement {using=xpath, value=//*[@id="content"]/div/a}]
Capabilities {acceptInsecureCerts: false, browserName: chrome, browserVersion: 106.0.5249.91, chrome: {chromedriverVersion: 105.0.5195.52 (412c95e51883..., userDataDir: C:\Users\hardi\AppData\Loca...}, goog:chromeOptions: {debuggerAddress: localhost:59601}, javascriptEnabled: true, networkConnectionEnabled: false, pageLoadStrategy: normal, platform: WINDOWS, platformName: WINDOWS, proxy: Proxy(), se:cdp: ws://localhost:59601/devtoo..., se:cdpVersion: 106.0.5249.91, setWindowRect: true, strictFileInteractability: false, timeouts: {implicit: 0, pageLoad: 300000, script: 30000}, unhandledPromptBehavior: dismiss and notify, webauthn:extension:credBlob: true, webauthn:extension:largeBlob: true, webauthn:virtualAuthenticators: true}
Session ID: 4f144b750410885a78099650c244c636]]>
            </message>
            <full-stacktrace>
              <![CDATA[org.openqa.selenium.NoSuchElementException: no such element: Unable to locate element: {"method":"xpath","selector":"//*[@id="content"]/div/a"}
  (Session info: chrome=106.0.5249.91)
For documentation on this error, please visit: https://selenium.dev/exceptions/#no_such_element
Build info: version: '4.1.2', revision: '9a5a329c5a'
System info: host: 'HARDIK', ip: '172.31.5.115', os.name: 'Windows 11', os.arch: 'amd64', os.version: '10.0', java.version: '17.0.2'
Driver info: org.openqa.selenium.chrome.ChromeDriver
Command: [4f144b750410885a78099650c244c636, findElement {using=xpath, value=//*[@id="content"]/div/a}]
Capabilities {acceptInsecureCerts: false, browserName: chrome, browserVersion: 106.0.5249.91, chrome: {chromedriverVersion: 105.0.5195.52 (412c95e51883..., userDataDir: C:\Users\hardi\AppData\Loca...}, goog:chromeOptions: {debuggerAddress: localhost:59601}, javascriptEnabled: true, networkConnectionEnabled: false, pageLoadStrategy: normal, platform: WINDOWS, platformName: WINDOWS, proxy: Proxy(), se:cdp: ws://localhost:59601/devtoo..., se:cdpVersion: 106.0.5249.91, setWindowRect: true, strictFileInteractability: false, timeouts: {implicit: 0, pageLoad: 300000, script: 30000}, unhandledPromptBehavior: dismiss and notify, webauthn:extension:credBlob: true, webauthn:extension:largeBlob: true, webauthn:virtualAuthenticators: true}
Session ID: 4f144b750410885a78099650c244c636
at java.base/jdk.internal.reflect.NativeConstructorAccessorImpl.newInstance0(Native Method)
at java.base/jdk.internal.reflect.NativeConstructorAccessorImpl.newInstance(NativeConstructorAccessorImpl.java:77)
at java.base/jdk.internal.reflect.DelegatingConstructorAccessorImpl.newInstance(DelegatingConstructorAccessorImpl.java:45)
at java.base/java.lang.reflect.Constructor.newInstanceWithCaller(Constructor.java:499)
at java.base/java.lang.reflect.Constructor.newInstance(Constructor.java:480)
at org.openqa.selenium.remote.codec.w3c.W3CHttpResponseCodec.createException(W3CHttpResponseCodec.java:200)
at org.openqa.selenium.remote.codec.w3c.W3CHttpResponseCodec.decode(W3CHttpResponseCodec.java:133)
at org.openqa.selenium.remote.codec.w3c.W3CHttpResponseCodec.decode(W3CHttpResponseCodec.java:53)
at org.openqa.selenium.remote.HttpCommandExecutor.execute(HttpCommandExecutor.java:184)
at org.openqa.selenium.remote.service.DriverCommandExecutor.invokeExecute(DriverCommandExecutor.java:167)
at org.openqa.selenium.remote.service.DriverCommandExecutor.execute(DriverCommandExecutor.java:142)
at org.openqa.selenium.remote.RemoteWebDriver.execute(RemoteWebDriver.java:558)
at org.openqa.selenium.remote.ElementLocation$ElementFinder$2.findElement(ElementLocation.java:162)
at org.openqa.selenium.remote.ElementLocation.findElement(ElementLocation.java:60)
at org.openqa.selenium.remote.RemoteWebDriver.findElement(RemoteWebDriver.java:382)
at org.openqa.selenium.remote.RemoteWebDriver.findElement(RemoteWebDriver.java:374)
at org.openqa.selenium.support.pagefactory.DefaultElementLocator.findElement(DefaultElementLocator.java:70)
at org.openqa.selenium.support.pagefactory.internal.LocatingElementHandler.invoke(LocatingElementHandler.java:39)
at jdk.proxy2/jdk.proxy2.$Proxy19.click(Unknown Source)
at com.testDotDash.pageObjects.Login.clickLogout(Login.java:50)
at com.testDotDash.TestCases.TC_InvalidLoginTest_2.invalidlogintest(TC_InvalidLoginTest_2.java:34)
at java.base/jdk.internal.reflect.NativeMethodAccessorImpl.invoke0(Native Method)
at java.base/jdk.internal.reflect.NativeMethodAccessorImpl.invoke(NativeMethodAccessorImpl.java:77)
at java.base/jdk.internal.reflect.DelegatingMethodAccessorImpl.invoke(DelegatingMethodAccessorImpl.java:43)
at java.base/java.lang.reflect.Method.invoke(Method.java:568)
at org.testng.internal.MethodInvocationHelper.invokeMethod(MethodInvocationHelper.java:133)
at org.testng.internal.TestInvoker.invokeMethod(TestInvoker.java:598)
at org.testng.internal.TestInvoker.invokeTestMethod(TestInvoker.java:173)
at org.testng.internal.MethodRunner.runInSequence(MethodRunner.java:46)
at org.testng.internal.TestInvoker$MethodInvocationAgent.invoke(TestInvoker.java:824)
at org.testng.internal.TestInvoker.invokeTestMethods(TestInvoker.java:146)
at org.testng.internal.TestMethodWorker.invokeTestMethods(TestMethodWorker.java:146)
at org.testng.internal.TestMethodWorker.run(TestMethodWorker.java:128)
at java.base/java.util.ArrayList.forEach(ArrayList.java:1511)
at org.testng.TestRunner.privateRun(TestRunner.java:794)
at org.testng.TestRunner.run(TestRunner.java:596)
at org.testng.SuiteRunner.runTest(SuiteRunner.java:377)
at org.testng.SuiteRunner.runSequentially(SuiteRunner.java:371)
at org.testng.SuiteRunner.privateRun(SuiteRunner.java:332)
at org.testng.SuiteRunner.run(SuiteRunner.java:276)
at org.testng.SuiteRunnerWorker.runSuite(SuiteRunnerWorker.java:53)
at org.testng.SuiteRunnerWorker.run(SuiteRunnerWorker.java:96)
at org.testng.TestNG.runSuitesSequentially(TestNG.java:1212)
at org.testng.TestNG.runSuitesLocally(TestNG.java:1134)
at org.testng.TestNG.runSuites(TestNG.java:1063)
at org.testng.TestNG.run(TestNG.java:1031)
at org.testng.remote.AbstractRemoteTestNG.run(AbstractRemoteTestNG.java:115)
at org.testng.remote.RemoteTestNG.initAndRun(RemoteTestNG.java:251)
at org.testng.remote.RemoteTestNG.main(RemoteTestNG.java:77)
]]>
            </full-stacktrace>
          </exception> <!-- org.openqa.selenium.NoSuchElementException -->
          <reporter-output>
          </reporter-output>
        </test-method> <!-- invalidlogintest -->
        <test-method is-config="true" signature="tearDown()[pri:0, instance:com.testDotDash.TestCases.TC_InvalidLoginTest_2@7ec7ffd3]" started-at="2022-10-05T17:22:50 EDT" name="tearDown" finished-at="2022-10-05T17:22:50 EDT" duration-ms="160" status="PASS">
          <reporter-output>
          </reporter-output>
        </test-method> <!-- tearDown -->
      </class> <!-- com.testDotDash.TestCases.TC_InvalidLoginTest_2 -->
    </test> <!-- Test -->
  </suite> <!-- testDotDash -->
</testng-results>
